Using pre-set license
Built from '2021.1/china_unity/release' branch; Version is '2021.1.2f1c1 (d1dae49a7408) revision 13753060'; Using compiler version '192528614'; Build Type 'Release'
OS: 'Windows 10 Home China; OS build 19044.1586; Version 2009; 64bit' Language: 'zh' Physical Memory: 7986 MB
BatchMode: 1, IsHumanControllingUs: 0, StartBugReporterOnCrash: 0, Is64bit: 1, IsPro: 0

 COMMAND LINE ARGUMENTS:
D:\Unity\Unity 2021.1.2f1c1\Editor\Unity.exe
-adb2
-batchMode
-noUpm
-name
AssetImportWorker1
-projectPath
D:/Unity/Save/2.0_BFS_FindWay
-logFile
Logs/AssetImportWorker1.log
-srvPort
4633
Successfully changed project path to: D:/Unity/Save/2.0_BFS_FindWay
D:/Unity/Save/2.0_BFS_FindWay
Using Asset Import Pipeline V2.
Refreshing native plugins compatible for Editor in 90.18 ms, found 1 plugins.
Preloading 0 native plugins for Editor in 0.00 ms.
Initialize engine version: 2021.1.2f1c1 (d1dae49a7408)
[Subsystems] Discovering subsystems at path D:/Unity/Unity 2021.1.2f1c1/Editor/Data/Resources/UnitySubsystems
[Subsystems] Discovering subsystems at path D:/Unity/Save/2.0_BFS_FindWay/Assets
GfxDevice: creating device client; threaded=0; jobified=0
Direct3D:
    Version:  Direct3D 11.0 [level 11.1]
    Renderer: NVIDIA GeForce GTX 1060 with Max-Q Design (ID=0x1c20)
    Vendor:   NVIDIA
    VRAM:     6052 MB
    Driver:   30.0.15.1165
Initialize mono
Mono path[0] = 'D:/Unity/Unity 2021.1.2f1c1/Editor/Data/Managed'
Mono path[1] = 'D:/Unity/Unity 2021.1.2f1c1/Editor/Data/MonoBleedingEdge/lib/mono/unityjit'
Mono config path = 'D:/Unity/Unity 2021.1.2f1c1/Editor/Data/MonoBleedingEdge/etc'
Using monoOptions --debugger-agent=transport=dt_socket,embedding=1,server=y,suspend=n,address=127.0.0.1:56888
Begin MonoManager ReloadAssembly
